2011-07-01 17:44:43,751 [qtp25107858-21] DEBUG: edu.cmu.ri.createlab.terk.application.TerkApplication: TerkApplication.TerkApplication()
2011-07-01 17:44:43,752 [qtp25107858-21] INFO : edu.cmu.ri.createlab.terk.application.TerkApplication: TerkApplication.TerkApplication(): System property [terk-application.connection-strategy.class.name] is not defined.  Attempting to use default [edu.cmu.ri.createlab.terk.robot.finch.LocalFinchConnectionStrategy] implementation class instead.
2011-07-01 17:44:43,789 [qtp25107858-21] DEBUG: edu.cmu.ri.createlab.terk.application.TerkApplication: TerkApplication.TerkApplication(): successfully instantiated ConnectionStrategy implementation class [edu.cmu.ri.createlab.terk.robot.finch.LocalFinchConnectionStrategy]
2011-07-01 17:44:43,833 [qtp25107858-21] DEBUG: edu.cmu.ri.createlab.device.connectivity.BaseCreateLabDeviceConnectivityManager: BaseCreateLabDeviceConnectivityManager: scanAndConnectWorkhorseRunnable.run()
2011-07-01 17:44:43,833 [qtp25107858-21] DEBUG: edu.cmu.ri.createlab.device.connectivity.BaseCreateLabDeviceConnectivityManager: BaseCreateLabDeviceConnectivityManager.disconnect()
2011-07-01 17:44:43,833 [qtp25107858-21] DEBUG: edu.cmu.ri.createlab.terk.robot.finch.LocalFinchConnectionStrategy: LocalFinchConnectionStrategy.handleConnectionStateChange(): OLD [Disconnected]  NEW [Disconnected]  port []
2011-07-01 17:44:43,836 [BaseCreateLabDeviceConnectivityManager.executorService pool-1-thread-1] DEBUG: edu.cmu.ri.createlab.device.connectivity.BaseCreateLabDeviceConnectivityManager: CreateLabDeviceConnectivityManagerImpl$DeviceScanner.run()
2011-07-01 17:44:43,836 [BaseCreateLabDeviceConnectivityManager.executorService pool-1-thread-1] DEBUG: edu.cmu.ri.createlab.terk.robot.finch.LocalFinchConnectionStrategy: LocalFinchConnectionStrategy.handleConnectionStateChange(): OLD [Disconnected]  NEW [Scanning]  port []
2011-07-01 17:44:43,860 [BaseCreateLabDeviceConnectivityManager.executorService pool-1-thread-1] DEBUG: edu.cmu.ri.createlab.terk.robot.finch.DefaultFinchController: DefaultFinchController.create(): creating HID device for vendor ID [2354] and product ID [1111]
2011-07-01 17:44:43,923 [BaseCreateLabDeviceConnectivityManager.executorService pool-1-thread-1] DEBUG: edu.cmu.ri.createlab.terk.robot.finch.DefaultFinchController: DefaultFinchController.create(): attempting connection...
2011-07-01 17:44:43,923 [BaseCreateLabDeviceConnectivityManager.executorService pool-1-thread-1] DEBUG: edu.cmu.ri.createlab.usb.hid.hidapi.BaseHIDAPIDevice: BaseHIDAPIDevice.readDeviceInfo(): looking for device with vendor id [2354] and product id [1111]
2011-07-01 17:44:43,924 [BaseCreateLabDeviceConnectivityManager.executorService pool-1-thread-1] DEBUG: edu.cmu.ri.createlab.util.NativeLibraryVersionChooser: NativeLibraryVersionChooser.getLibraryName(): sun.arch.data.model system property = [32]
2011-07-01 17:44:43,925 [BaseCreateLabDeviceConnectivityManager.executorService pool-1-thread-1] DEBUG: edu.cmu.ri.createlab.util.NativeLibraryVersionChooser: NativeLibraryVersionChooser.getLibraryName(): trying to load library [hidapi32]...
2011-07-01 17:44:43,992 [BaseCreateLabDeviceConnectivityManager.executorService pool-1-thread-1] DEBUG: edu.cmu.ri.createlab.util.NativeLibraryVersionChooser: NativeLibraryVersionChooser.getLibraryName(): successfully loaded library [hidapi32]
2011-07-01 17:44:43,992 [BaseCreateLabDeviceConnectivityManager.executorService pool-1-thread-1] DEBUG: edu.cmu.ri.createlab.util.NativeLibraryVersionChooser: NativeLibraryVersionChooser.getLibraryName(): returning [hidapi32]
2011-07-01 17:44:45,630 [BaseCreateLabDeviceConnectivityManager.executorService pool-1-thread-1] DEBUG: edu.cmu.ri.createlab.usb.hid.hidapi.BaseHIDAPIDevice: BaseHIDAPIDevice.readDeviceInfo(): found matching device:
2011-07-01 17:44:45,630 [BaseCreateLabDeviceConnectivityManager.executorService pool-1-thread-1] DEBUG: edu.cmu.ri.createlab.usb.hid.hidapi.BaseHIDAPIDevice:    manufacturer   = [BirdBrain Tools]
2011-07-01 17:44:45,630 [BaseCreateLabDeviceConnectivityManager.executorService pool-1-thread-1] DEBUG: edu.cmu.ri.createlab.usb.hid.hidapi.BaseHIDAPIDevice:    product        = [Finch]
2011-07-01 17:44:45,630 [BaseCreateLabDeviceConnectivityManager.executorService pool-1-thread-1] DEBUG: edu.cmu.ri.createlab.usb.hid.hidapi.BaseHIDAPIDevice:    serial number  = [null]
2011-07-01 17:44:45,630 [BaseCreateLabDeviceConnectivityManager.executorService pool-1-thread-1] DEBUG: edu.cmu.ri.createlab.usb.hid.hidapi.BaseHIDAPIDevice:    path           = [0004:0006:00]
2011-07-01 17:44:45,630 [BaseCreateLabDeviceConnectivityManager.executorService pool-1-thread-1] DEBUG: edu.cmu.ri.createlab.usb.hid.hidapi.BaseHIDAPIDevice:    Vendor/Product = [2354|1111]
2011-07-01 17:44:45,630 [BaseCreateLabDeviceConnectivityManager.executorService pool-1-thread-1] DEBUG: edu.cmu.ri.createlab.usb.hid.hidapi.BaseHIDAPIDevice: BaseHIDAPIDevice.claimAvailableDevice(): Device with path [0004:0006:00] NOT in use, so we'll use it
2011-07-01 17:44:45,631 [BaseCreateLabDeviceConnectivityManager.executorService pool-1-thread-1] DEBUG: edu.cmu.ri.createlab.usb.hid.hidapi.BaseHIDAPIDevice: BaseHIDAPIDevice.claimAvailableDevice(): returing deviceInfo! [edu.cmu.ri.createlab.usb.hid.DeviceInfoImpl@c8ebd6]
2011-07-01 17:44:45,631 [BaseCreateLabDeviceConnectivityManager.executorService pool-1-thread-1] DEBUG: edu.cmu.ri.createlab.usb.hid.hidapi.BaseHIDAPIDevice: BaseHIDAPIDevice.claimAvailableDevice(): returning the deviceInfo [edu.cmu.ri.createlab.usb.hid.DeviceInfoImpl@c8ebd6]
2011-07-01 17:44:45,730 [BaseCreateLabDeviceConnectivityManager.executorService pool-1-thread-1] DEBUG: edu.cmu.ri.createlab.device.connectivity.BaseCreateLabDeviceConnectivityManager: CreateLabDeviceConnectivityManagerImpl$DeviceScanner.run(): connection established!
2011-07-01 17:44:45,731 [BaseCreateLabDeviceConnectivityManager.executorService pool-1-thread-1] DEBUG: edu.cmu.ri.createlab.terk.robot.finch.LocalFinchConnectionStrategy: LocalFinchConnectionStrategy.handleConnectionStateChange(): OLD [Scanning]  NEW [Connected]  port [0004:0006:00]
2011-07-01 17:44:45,737 [qtp25107858-21] DEBUG: edu.cmu.ri.createlab.terk.robot.finch.services.FinchServiceManager: FinchServiceManager.loadService() needs to load the [::TeRK::obstacle::SimpleObstacleDetectorService] service
2011-07-01 17:44:45,737 [qtp25107858-21] DEBUG: edu.cmu.ri.createlab.terk.robot.finch.services.FinchServiceFactory: FinchServiceFactory.createService(::TeRK::obstacle::SimpleObstacleDetectorService)
2011-07-01 17:44:45,740 [qtp25107858-21] DEBUG: edu.cmu.ri.createlab.terk.properties.BasicPropertyManager: ServantPropertyManager.setReadOnlyProperty(device.count,2)
2011-07-01 17:58:10,943 [qtp25107858-22] DEBUG: edu.cmu.ri.createlab.terk.robot.finch.services.FinchServiceManager: FinchServiceManager.loadService() needs to load the [::TeRK::led::FullColorLEDService] service
2011-07-01 17:58:10,944 [qtp25107858-22] DEBUG: edu.cmu.ri.createlab.terk.robot.finch.services.FinchServiceFactory: FinchServiceFactory.createService(::TeRK::led::FullColorLEDService)
2011-07-01 17:58:11,013 [qtp25107858-22] DEBUG: edu.cmu.ri.createlab.terk.properties.BasicPropertyManager: ServantPropertyManager.setReadOnlyProperty(device.count,1)
2011-07-01 17:58:11,013 [qtp25107858-22] DEBUG: edu.cmu.ri.createlab.terk.properties.BasicPropertyManager: ServantPropertyManager.setReadOnlyProperty(::TeRK::led::FullColorLEDService::min-intensity,0)
2011-07-01 17:58:11,013 [qtp25107858-22] DEBUG: edu.cmu.ri.createlab.terk.properties.BasicPropertyManager: ServantPropertyManager.setReadOnlyProperty(::TeRK::led::FullColorLEDService::max-intensity,255)
2011-07-01 18:01:53,695 [Timer-0] DEBUG: edu.cmu.ri.createlab.terk.application.TerkApplication: TerkApplication.TerkApplication()
2011-07-01 18:01:53,696 [Timer-0] INFO : edu.cmu.ri.createlab.terk.application.TerkApplication: TerkApplication.TerkApplication(): System property [terk-application.connection-strategy.class.name] is not defined.  Attempting to use default [edu.cmu.ri.createlab.terk.robot.finch.LocalFinchConnectionStrategy] implementation class instead.
2011-07-01 18:01:53,714 [Timer-0] DEBUG: edu.cmu.ri.createlab.terk.application.TerkApplication: TerkApplication.TerkApplication(): successfully instantiated ConnectionStrategy implementation class [edu.cmu.ri.createlab.terk.robot.finch.LocalFinchConnectionStrategy]
2011-07-01 18:01:53,725 [Timer-0] DEBUG: edu.cmu.ri.createlab.device.connectivity.BaseCreateLabDeviceConnectivityManager: BaseCreateLabDeviceConnectivityManager: scanAndConnectWorkhorseRunnable.run()
2011-07-01 18:01:53,726 [Timer-0] DEBUG: edu.cmu.ri.createlab.device.connectivity.BaseCreateLabDeviceConnectivityManager: BaseCreateLabDeviceConnectivityManager.disconnect()
2011-07-01 18:01:53,726 [Timer-0] DEBUG: edu.cmu.ri.createlab.terk.robot.finch.LocalFinchConnectionStrategy: LocalFinchConnectionStrategy.handleConnectionStateChange(): OLD [Disconnected]  NEW [Disconnected]  port []
2011-07-01 18:01:53,726 [BaseCreateLabDeviceConnectivityManager.executorService pool-1-thread-1] DEBUG: edu.cmu.ri.createlab.device.connectivity.BaseCreateLabDeviceConnectivityManager: CreateLabDeviceConnectivityManagerImpl$DeviceScanner.run()
2011-07-01 18:01:53,727 [BaseCreateLabDeviceConnectivityManager.executorService pool-1-thread-1] DEBUG: edu.cmu.ri.createlab.terk.robot.finch.LocalFinchConnectionStrategy: LocalFinchConnectionStrategy.handleConnectionStateChange(): OLD [Disconnected]  NEW [Scanning]  port []
2011-07-01 18:01:53,780 [BaseCreateLabDeviceConnectivityManager.executorService pool-1-thread-1] DEBUG: edu.cmu.ri.createlab.terk.robot.finch.DefaultFinchController: DefaultFinchController.create(): creating HID device for vendor ID [2354] and product ID [1111]
2011-07-01 18:01:53,991 [BaseCreateLabDeviceConnectivityManager.executorService pool-1-thread-1] DEBUG: edu.cmu.ri.createlab.terk.robot.finch.DefaultFinchController: DefaultFinchController.create(): attempting connection...
2011-07-01 18:01:53,992 [BaseCreateLabDeviceConnectivityManager.executorService pool-1-thread-1] DEBUG: edu.cmu.ri.createlab.usb.hid.hidapi.BaseHIDAPIDevice: BaseHIDAPIDevice.readDeviceInfo(): looking for device with vendor id [2354] and product id [1111]
2011-07-01 18:01:53,993 [BaseCreateLabDeviceConnectivityManager.executorService pool-1-thread-1] DEBUG: edu.cmu.ri.createlab.util.NativeLibraryVersionChooser: NativeLibraryVersionChooser.getLibraryName(): sun.arch.data.model system property = [32]
2011-07-01 18:01:53,993 [BaseCreateLabDeviceConnectivityManager.executorService pool-1-thread-1] DEBUG: edu.cmu.ri.createlab.util.NativeLibraryVersionChooser: NativeLibraryVersionChooser.getLibraryName(): trying to load library [hidapi32]...
2011-07-01 18:01:54,070 [BaseCreateLabDeviceConnectivityManager.executorService pool-1-thread-1] DEBUG: edu.cmu.ri.createlab.util.NativeLibraryVersionChooser: NativeLibraryVersionChooser.getLibraryName(): successfully loaded library [hidapi32]
2011-07-01 18:01:54,070 [BaseCreateLabDeviceConnectivityManager.executorService pool-1-thread-1] DEBUG: edu.cmu.ri.createlab.util.NativeLibraryVersionChooser: NativeLibraryVersionChooser.getLibraryName(): returning [hidapi32]
2011-07-01 18:01:55,413 [BaseCreateLabDeviceConnectivityManager.executorService pool-1-thread-1] DEBUG: edu.cmu.ri.createlab.usb.hid.hidapi.BaseHIDAPIDevice: BaseHIDAPIDevice.readDeviceInfo(): found matching device:
2011-07-01 18:01:55,414 [BaseCreateLabDeviceConnectivityManager.executorService pool-1-thread-1] DEBUG: edu.cmu.ri.createlab.usb.hid.hidapi.BaseHIDAPIDevice:    manufacturer   = [BirdBrain Tools]
2011-07-01 18:01:55,414 [BaseCreateLabDeviceConnectivityManager.executorService pool-1-thread-1] DEBUG: edu.cmu.ri.createlab.usb.hid.hidapi.BaseHIDAPIDevice:    product        = [Finch]
2011-07-01 18:01:55,414 [BaseCreateLabDeviceConnectivityManager.executorService pool-1-thread-1] DEBUG: edu.cmu.ri.createlab.usb.hid.hidapi.BaseHIDAPIDevice:    serial number  = [null]
2011-07-01 18:01:55,414 [BaseCreateLabDeviceConnectivityManager.executorService pool-1-thread-1] DEBUG: edu.cmu.ri.createlab.usb.hid.hidapi.BaseHIDAPIDevice:    path           = [0004:0006:00]
2011-07-01 18:01:55,414 [BaseCreateLabDeviceConnectivityManager.executorService pool-1-thread-1] DEBUG: edu.cmu.ri.createlab.usb.hid.hidapi.BaseHIDAPIDevice:    Vendor/Product = [2354|1111]
2011-07-01 18:01:55,414 [BaseCreateLabDeviceConnectivityManager.executorService pool-1-thread-1] DEBUG: edu.cmu.ri.createlab.usb.hid.hidapi.BaseHIDAPIDevice: BaseHIDAPIDevice.claimAvailableDevice(): Device with path [0004:0006:00] NOT in use, so we'll use it
2011-07-01 18:01:55,414 [BaseCreateLabDeviceConnectivityManager.executorService pool-1-thread-1] DEBUG: edu.cmu.ri.createlab.usb.hid.hidapi.BaseHIDAPIDevice: BaseHIDAPIDevice.claimAvailableDevice(): returing deviceInfo! [edu.cmu.ri.createlab.usb.hid.DeviceInfoImpl@54f169]
2011-07-01 18:01:55,414 [BaseCreateLabDeviceConnectivityManager.executorService pool-1-thread-1] DEBUG: edu.cmu.ri.createlab.usb.hid.hidapi.BaseHIDAPIDevice: BaseHIDAPIDevice.claimAvailableDevice(): returning the deviceInfo [edu.cmu.ri.createlab.usb.hid.DeviceInfoImpl@54f169]
2011-07-01 18:01:55,441 [BaseCreateLabDeviceConnectivityManager.executorService pool-1-thread-1] DEBUG: edu.cmu.ri.createlab.device.connectivity.BaseCreateLabDeviceConnectivityManager: CreateLabDeviceConnectivityManagerImpl$DeviceScanner.run(): connection established!
2011-07-01 18:01:55,442 [BaseCreateLabDeviceConnectivityManager.executorService pool-1-thread-1] DEBUG: edu.cmu.ri.createlab.terk.robot.finch.LocalFinchConnectionStrategy: LocalFinchConnectionStrategy.handleConnectionStateChange(): OLD [Scanning]  NEW [Connected]  port [0004:0006:00]
2011-07-01 18:01:55,447 [Timer-0] DEBUG: edu.cmu.ri.createlab.terk.robot.finch.services.FinchServiceManager: FinchServiceManager.loadService() needs to load the [::TeRK::led::FullColorLEDService] service
2011-07-01 18:01:55,448 [Timer-0] DEBUG: edu.cmu.ri.createlab.terk.robot.finch.services.FinchServiceFactory: FinchServiceFactory.createService(::TeRK::led::FullColorLEDService)
2011-07-01 18:01:55,451 [Timer-0] DEBUG: edu.cmu.ri.createlab.terk.properties.BasicPropertyManager: ServantPropertyManager.setReadOnlyProperty(device.count,1)
2011-07-01 18:01:55,451 [Timer-0] DEBUG: edu.cmu.ri.createlab.terk.properties.BasicPropertyManager: ServantPropertyManager.setReadOnlyProperty(::TeRK::led::FullColorLEDService::min-intensity,0)
2011-07-01 18:01:55,451 [Timer-0] DEBUG: edu.cmu.ri.createlab.terk.properties.BasicPropertyManager: ServantPropertyManager.setReadOnlyProperty(::TeRK::led::FullColorLEDService::max-intensity,255)
